# JRE version: Java(TM) SE Runtime Environment (17.0.10+11) (build 17.0.10+11-LTS-240)
# Java VM: Java HotSpot(TM) 64-Bit Server VM (17.0.10+11-LTS-240, mixed mode, sharing, tiered, compressed oops, compressed class ptrs, g1 gc, windows-amd64)
GC Precious Log:
 CPUs: 8 total, 8 available
 Memory: 7980M
 Large Page Support: Disabled
 NUMA Support: Disabled
 Compressed Oops: Enabled (32-bit)
 Heap Region Size: 1M
 Heap Min Capacity: 256M
 Heap Initial Capacity: 256M
 Heap Max Capacity: 512M
 Pre-touch: Disabled
 Parallel Workers: 8
 Concurrent Workers: 2
 Concurrent Refinement Workers: 8
 Periodic GC: Disabled
Heap:
 garbage-first heap   total 262144K, used 55536K [0x00000000e0000000, 0x0000000100000000)
  region size 1024K, 9 young (9216K), 2 survivors (2048K)
 Metaspace       used 35721K, committed 36160K, reserved 278528K
  class space    used 4973K, committed 5184K, reserved 212992K
GC Heap History (12 events):
Event: 19.032 GC heap before
{Heap before GC invocations=0 (full 0):
 garbage-first heap   total 262144K, used 26624K [0x00000000e0000000, 0x0000000100000000)
  region size 1024K, 23 young (23552K), 0 survivors (0K)
 Metaspace       used 3026K, committed 3200K, reserved 278528K
  class space    used 379K, committed 448K, reserved 212992K
}
Event: 20.138 GC heap after
{Heap after GC invocations=1 (full 0):
 garbage-first heap   total 262144K, used 10111K [0x00000000e0000000, 0x0000000100000000)
  region size 1024K, 3 young (3072K), 3 survivors (3072K)
 Metaspace       used 3026K, committed 3200K, reserved 278528K
  class space    used 379K, committed 448K, reserved 212992K
}
Event: 37.324 GC heap before
{Heap before GC invocations=1 (full 0):
 garbage-first heap   total 262144K, used 37759K [0x00000000e0000000, 0x0000000100000000)
  region size 1024K, 30 young (30720K), 3 survivors (3072K)
 Metaspace       used 3938K, committed 4096K, reserved 278528K
  class space    used 475K, committed 576K, reserved 212992K
}
Event: 37.333 GC heap after
{Heap after GC invocations=2 (full 0):
 garbage-first heap   total 262144K, used 13618K [0x00000000e0000000, 0x0000000100000000)
  region size 1024K, 4 young (4096K), 4 survivors (4096K)
 Metaspace       used 3938K, committed 4096K, reserved 278528K
  class space    used 475K, committed 576K, reserved 212992K
}
Event: 105.428 GC heap before
{Heap before GC invocations=2 (full 0):
 garbage-first heap   total 262144K, used 129330K [0x00000000e0000000, 0x0000000100000000)
  region size 1024K, 107 young (109568K), 4 survivors (4096K)
 Metaspace       used 21195K, committed 21504K, reserved 278528K
  class space    used 3157K, committed 3328K, reserved 212992K
}
Event: 105.670 GC heap after
{Heap after GC invocations=3 (full 0):
 garbage-first heap   total 262144K, used 35671K [0x00000000e0000000, 0x0000000100000000)
  region size 1024K, 14 young (14336K), 14 survivors (14336K)
 Metaspace       used 21195K, committed 21504K, reserved 278528K
  class space    used 3157K, committed 3328K, reserved 212992K
}
Event: 139.939 GC heap before
{Heap before GC invocations=4 (full 0):
 garbage-first heap   total 262144K, used 121687K [0x00000000e0000000, 0x0000000100000000)
  region size 1024K, 96 young (98304K), 14 survivors (14336K)
 Metaspace       used 32757K, committed 33152K, reserved 278528K
  class space    used 4551K, committed 4736K, reserved 212992K
}
Event: 140.045 GC heap after
{Heap after GC invocations=5 (full 0):
 garbage-first heap   total 262144K, used 42508K [0x00000000e0000000, 0x0000000100000000)
  region size 1024K, 8 young (8192K), 8 survivors (8192K)
 Metaspace       used 32757K, committed 33152K, reserved 278528K
  class space    used 4551K, committed 4736K, reserved 212992K
}
Event: 154.982 GC heap before
{Heap before GC invocations=5 (full 0):
 garbage-first heap   total 262144K, used 46604K [0x00000000e0000000, 0x0000000100000000)
  region size 1024K, 12 young (12288K), 8 survivors (8192K)
 Metaspace       used 33183K, committed 33600K, reserved 278528K
  class space    used 4588K, committed 4800K, reserved 212992K
}
Event: 154.997 GC heap after
{Heap after GC invocations=6 (full 0):
 garbage-first heap   total 262144K, used 42735K [0x00000000e0000000, 0x0000000100000000)
  region size 1024K, 2 young (2048K), 2 survivors (2048K)
 Metaspace       used 33183K, committed 33600K, reserved 278528K
  class space    used 4588K, committed 4800K, reserved 212992K
}
Event: 158.426 GC heap before
{Heap before GC invocations=6 (full 0):
 garbage-first heap   total 262144K, used 64239K [0x00000000e0000000, 0x0000000100000000)
  region size 1024K, 24 young (24576K), 2 survivors (2048K)
 Metaspace       used 35576K, committed 35968K, reserved 278528K
  class space    used 4950K, committed 5120K, reserved 212992K
}
Event: 158.467 GC heap after
{Heap after GC invocations=7 (full 0):
 garbage-first heap   total 262144K, used 43248K [0x00000000e0000000, 0x0000000100000000)
  region size 1024K, 2 young (2048K), 2 survivors (2048K)
 Metaspace       used 35576K, committed 35968K, reserved 278528K
  class space    used 4950K, committed 5120K, reserved 212992K
}

