# JRE version: Java(TM) SE Runtime Environment (17.0.10+11) (build 17.0.10+11-LTS-240)
# Java VM: Java HotSpot(TM) 64-Bit Server VM (17.0.10+11-LTS-240, mixed mode, sharing, tiered, compressed oops, compressed class ptrs, g1 gc, windows-amd64)
GC Precious Log:
 CPUs: 8 total, 8 available
 Memory: 7980M
 Large Page Support: Disabled
 NUMA Support: Disabled
 Compressed Oops: Enabled (32-bit)
 Heap Region Size: 1M
 Heap Min Capacity: 256M
 Heap Initial Capacity: 256M
 Heap Max Capacity: 512M
 Pre-touch: Disabled
 Parallel Workers: 8
 Concurrent Workers: 2
 Concurrent Refinement Workers: 8
 Periodic GC: Disabled
Heap:
 garbage-first heap   total 262144K, used 73468K [0x00000000e0000000, 0x0000000100000000)
  region size 1024K, 53 young (54272K), 14 survivors (14336K)
 Metaspace       used 26908K, committed 27200K, reserved 278528K
  class space    used 3901K, committed 4032K, reserved 212992K
GC Heap History (6 events):
Event: 25.681 GC heap before
{Heap before GC invocations=0 (full 0):
 garbage-first heap   total 262144K, used 28672K [0x00000000e0000000, 0x0000000100000000)
  region size 1024K, 23 young (23552K), 0 survivors (0K)
 Metaspace       used 3015K, committed 3200K, reserved 278528K
  class space    used 378K, committed 448K, reserved 212992K
}
Event: 26.332 GC heap after
{Heap after GC invocations=1 (full 0):
 garbage-first heap   total 262144K, used 9505K [0x00000000e0000000, 0x0000000100000000)
  region size 1024K, 3 young (3072K), 3 survivors (3072K)
 Metaspace       used 3015K, committed 3200K, reserved 278528K
  class space    used 378K, committed 448K, reserved 212992K
}
Event: 43.465 GC heap before
{Heap before GC invocations=1 (full 0):
 garbage-first heap   total 262144K, used 38177K [0x00000000e0000000, 0x0000000100000000)
  region size 1024K, 30 young (30720K), 3 survivors (3072K)
 Metaspace       used 3930K, committed 4160K, reserved 278528K
  class space    used 474K, committed 576K, reserved 212992K
}
Event: 43.473 GC heap after
{Heap after GC invocations=2 (full 0):
 garbage-first heap   total 262144K, used 13808K [0x00000000e0000000, 0x0000000100000000)
  region size 1024K, 4 young (4096K), 4 survivors (4096K)
 Metaspace       used 3930K, committed 4160K, reserved 278528K
  class space    used 474K, committed 576K, reserved 212992K
}
Event: 140.701 GC heap before
{Heap before GC invocations=2 (full 0):
 garbage-first heap   total 262144K, used 128496K [0x00000000e0000000, 0x0000000100000000)
  region size 1024K, 106 young (108544K), 4 survivors (4096K)
 Metaspace       used 21194K, committed 21504K, reserved 278528K
  class space    used 3139K, committed 3328K, reserved 212992K
}
Event: 140.820 GC heap after
{Heap after GC invocations=3 (full 0):
 garbage-first heap   total 262144K, used 34556K [0x00000000e0000000, 0x0000000100000000)
  region size 1024K, 14 young (14336K), 14 survivors (14336K)
 Metaspace       used 21194K, committed 21504K, reserved 278528K
  class space    used 3139K, committed 3328K, reserved 212992K
}

