# JRE version: Java(TM) SE Runtime Environment (17.0.10+11) (build 17.0.10+11-LTS-240)
# Java VM: Java HotSpot(TM) 64-Bit Server VM (17.0.10+11-LTS-240, mixed mode, sharing, tiered, compressed oops, compressed class ptrs, g1 gc, windows-amd64)
GC Precious Log:
 CPUs: 8 total, 8 available
 Memory: 7980M
 Large Page Support: Disabled
 NUMA Support: Disabled
 Compressed Oops: Enabled (32-bit)
 Heap Region Size: 1M
 Heap Min Capacity: 256M
 Heap Initial Capacity: 256M
 Heap Max Capacity: 512M
 Pre-touch: Disabled
 Parallel Workers: 8
 Concurrent Workers: 2
 Concurrent Refinement Workers: 8
 Periodic GC: Disabled
Heap:
 garbage-first heap   total 262144K, used 77678K [0x00000000e0000000, 0x0000000100000000)
  region size 1024K, 56 young (57344K), 14 survivors (14336K)
 Metaspace       used 26688K, committed 27008K, reserved 278528K
  class space    used 3984K, committed 4160K, reserved 212992K
GC Heap History (6 events):
Event: 29.615 GC heap before
{Heap before GC invocations=0 (full 0):
 garbage-first heap   total 262144K, used 27648K [0x00000000e0000000, 0x0000000100000000)
  region size 1024K, 23 young (23552K), 0 survivors (0K)
 Metaspace       used 3018K, committed 3200K, reserved 278528K
  class space    used 379K, committed 448K, reserved 212992K
}
Event: 30.438 GC heap after
{Heap after GC invocations=1 (full 0):
 garbage-first heap   total 262144K, used 10124K [0x00000000e0000000, 0x0000000100000000)
  region size 1024K, 3 young (3072K), 3 survivors (3072K)
 Metaspace       used 3018K, committed 3200K, reserved 278528K
  class space    used 379K, committed 448K, reserved 212992K
}
Event: 38.080 GC heap before
{Heap before GC invocations=1 (full 0):
 garbage-first heap   total 262144K, used 37772K [0x00000000e0000000, 0x0000000100000000)
  region size 1024K, 29 young (29696K), 3 survivors (3072K)
 Metaspace       used 3926K, committed 4096K, reserved 278528K
  class space    used 474K, committed 576K, reserved 212992K
}
Event: 38.085 GC heap after
{Heap after GC invocations=2 (full 0):
 garbage-first heap   total 262144K, used 12971K [0x00000000e0000000, 0x0000000100000000)
  region size 1024K, 3 young (3072K), 3 survivors (3072K)
 Metaspace       used 3926K, committed 4096K, reserved 278528K
  class space    used 474K, committed 576K, reserved 212992K
}
Event: 120.369 GC heap before
{Heap before GC invocations=2 (full 0):
 garbage-first heap   total 262144K, used 131755K [0x00000000e0000000, 0x0000000100000000)
  region size 1024K, 109 young (111616K), 3 survivors (3072K)
 Metaspace       used 21181K, committed 21504K, reserved 278528K
  class space    used 3140K, committed 3328K, reserved 212992K
}
Event: 120.693 GC heap after
{Heap after GC invocations=3 (full 0):
 garbage-first heap   total 262144K, used 35694K [0x00000000e0000000, 0x0000000100000000)
  region size 1024K, 14 young (14336K), 14 survivors (14336K)
 Metaspace       used 21181K, committed 21504K, reserved 278528K
  class space    used 3140K, committed 3328K, reserved 212992K
}

